This is pdfTeX, Version 3.14159265-2.6-1.40.20 (TeX Live 2019) (preloaded format=pdflatex 2019.12.19)  3 JAN 2020 14:10
entering extended mode
 restricted \write18 enabled.
 %&-line parsing enabled.
**/Users/francesco/.dotfiles/emacs/init.el
(/Users/francesco/.dotfiles/emacs/init.el
LaTeX2e <2019-10-01> patch level 3

! LaTeX Error: Missing \begin{document}.

See the LaTeX manual or LaTeX Companion for explanation.
Type  H <return>  for immediate help.
 ...                                              
                                                  
l.1 (
     require 'package)
? 
! Emergency stop.
 ...                                              
                                                  
l.1 (
     require 'package)
You're in trouble here.  Try typing  <return>  to proceed.
If that doesn't work, type  X <return>  to quit.

 
Here is how much of TeX's memory you used:
 8 strings out of 492163
 346 string characters out of 6125305
 59526 words of memory out of 5000000
 4472 multiletter control sequences out of 15000+600000
 3640 words of font info for 14 fonts, out of 8000000 for 9000
 1141 hyphenation exceptions out of 8191
 5i,0n,4p,61b,14s stack positions out of 5000i,500n,10000p,200000b,80000s
!  ==> Fatal error occurred, no output PDF file produced!
